
=== Wed Feb 19 07:35:20 2025

Packages were changed.
Update Mode: mergeDefaultDependencies

The following packages were added:
  com.unity.modules.ai@1.0.0
  com.unity.modules.androidjni@1.0.0
  com.unity.modules.animation@1.0.0
  com.unity.modules.assetbundle@1.0.0
  com.unity.modules.audio@1.0.0
  com.unity.modules.cloth@1.0.0
  com.unity.modules.director@1.0.0
  com.unity.modules.imageconversion@1.0.0
  com.unity.modules.imgui@1.0.0
  com.unity.modules.jsonserialize@1.0.0
  com.unity.modules.particlesystem@1.0.0
  com.unity.modules.physics@1.0.0
  com.unity.modules.physics2d@1.0.0
  com.unity.modules.screencapture@1.0.0
  com.unity.modules.terrain@1.0.0
  com.unity.modules.terrainphysics@1.0.0
  com.unity.modules.tilemap@1.0.0
  com.unity.modules.ui@1.0.0
  com.unity.modules.uielements@1.0.0
  com.unity.modules.umbra@1.0.0
  com.unity.modules.unityanalytics@1.0.0
  com.unity.modules.unitywebrequest@1.0.0
  com.unity.modules.unitywebrequestassetbundle@1.0.0
  com.unity.modules.unitywebrequestaudio@1.0.0
  com.unity.modules.unitywebrequesttexture@1.0.0
  com.unity.modules.unitywebrequestwww@1.0.0
  com.unity.modules.vehicles@1.0.0
  com.unity.modules.video@1.0.0
  com.unity.modules.vr@1.0.0
  com.unity.modules.wind@1.0.0
  com.unity.modules.xr@1.0.0
  com.unity.modules.accessibility@1.0.0
  com.unity.multiplayer.center@1.0.0
The following packages were updated:
  com.unity.collab-proxy from version 2.4.4 to 2.6.0
  com.unity.inputsystem from version 1.9.0 to 1.11.2
  com.unity.visualscripting from version 1.9.4 to 1.9.5

=== Tue Dec 23 13:08:38 2025

Packages were changed.
Update Mode: updateDependencies

The following packages were 追加済み:
  com.unity.modules.adaptiveperformance@1.0.0
  com.unity.modules.vectorgraphics@1.0.0
The following packages were 更新済み:
  com.unity.collab-proxy をバージョン 2.7.1 から 2.10.2 へ
  com.unity.feature.2d をバージョン 2.0.1 から 2.0.2 へ
  com.unity.ide.rider をバージョン 3.0.31 から 3.0.38 へ
  com.unity.ide.visualstudio をバージョン 2.0.22 から 2.0.25 へ
  com.unity.inputsystem をバージョン 1.11.2 から 1.17.0 へ
  com.unity.multiplayer.center をバージョン 1.0.0 から 1.0.1 へ
  com.unity.render-pipelines.universal をバージョン 17.0.3 から 17.3.0 へ
  com.unity.test-framework をバージョン 1.4.5 から 1.6.0 へ
  com.unity.timeline をバージョン 1.8.7 から 1.8.9 へ
  com.unity.visualscripting をバージョン 1.9.5 から 1.9.9 へ
